Arguments: 
  /usr/local/bin/node /usr/local/Cellar/yarn/1.3.2/libexec/bin/yarn.js start

PATH: 
  /Users/Heba/anaconda3/bin:/Users/Heba/mongodb/bin:/usr/local/cuda/bin:/Users/Heba/anaconda/bin:/Users/Heba/Development/ant/bin:/Users/Heba/Development/Android/sdk:/usr/local/bin:/usr/local/bin:/usr/local/bin:/usr/bin:/bin:/usr/sbin:/sbin:/usr/local/share/dotnet:/opt/X11/bin:/usr/local/git/bin:/Applications/Postgres.app/Contents/Versions/latest/bin:/Users/Heba/anaconda3/bin:/Users/Heba/mongodb/bin:/usr/local/cuda/bin:/Users/Heba/anaconda/bin:/Users/Heba/Development/ant/bin:/Users/Heba/Development/Android/sdk:/usr/local/Cellar/yarn/1.3.2/bin:/Users/Heba/bin:/Users/Heba/data/db:/usr/local/Cellar/yarn/1.3.2/bin:/usr/local/bin:/Users/Heba/bin:/Users/Heba/data/db:/usr/local/Cellar/yarn/1.3.2/bin:/usr/local/bin

Yarn version: 
  1.3.2

Node version: 
  6.11.5

Platform: 
  darwin x64

npm manifest: 
  {
    "name": "break-into-ai",
    "version": "3.6.0",
    "description": "Break Into AI: A Series About Machine Learning",
    "scripts": {
      "test": "grunt test",
      "start": "grunt serve",
      "build": "grunt"
    },
    "author": {
      "name": "Heba El-Shimy",
    },
    "repository": {
      "type": "git",
      "url": "git://github.com/HebaNAS"
    },
    "engines": {
      "node": ">=4.0.0"
    },
    "devDependencies": {
      "express": "^4.15.2",
      "grunt": "^1.0.1",
      "grunt-autoprefixer": "^3.0.4",
      "grunt-cli": "^1.2.0",
      "grunt-contrib-connect": "^1.0.2",
      "grunt-contrib-cssmin": "^2.1.0",
      "grunt-contrib-jshint": "^1.1.0",
      "grunt-contrib-qunit": "~1.2.0",
      "grunt-contrib-uglify": "^2.3.0",
      "grunt-contrib-watch": "^1.0.0",
      "grunt-sass": "^2.0.0",
      "grunt-retire": "^1.0.7",
      "grunt-zip": "~0.17.1",
      "mustache": "^2.3.0",
      "socket.io": "^1.7.3"
    },
    "license": "MIT"
  }

yarn manifest: 
  No manifest

Lockfile: 
  No lockfile

Trace: 
  SyntaxError: /Users/Heba/Development/BreakIntoAI/package.json: Unexpected token } in JSON at position 258
      at Object.parse (native)
      at /usr/local/Cellar/yarn/1.3.2/libexec/lib/cli.js:770:59
      at next (native)
      at step (/usr/local/Cellar/yarn/1.3.2/libexec/lib/cli.js:92:30)
      at /usr/local/Cellar/yarn/1.3.2/libexec/lib/cli.js:103:13
